[debug] [2021-11-27T17:19:09.181Z] ----------------------------------------------------------------------
[debug] [2021-11-27T17:19:09.184Z] Command:       I:\Projects\DISTRI~1\firebase-tools-instant-win.exe C:\Users\Maarten Van den hof\.cache\firebase\tools\lib\node_modules\firebase-tools\lib\bin\firebase emulators:start --project demo-distributed-systems-kul
[debug] [2021-11-27T17:19:09.184Z] CLI Version:   9.23.0
[debug] [2021-11-27T17:19:09.185Z] Platform:      win32
[debug] [2021-11-27T17:19:09.185Z] Node Version:  v12.18.1
[debug] [2021-11-27T17:19:09.186Z] Time:          Sat Nov 27 2021 18:19:09 GMT+0100 (GMT+01:00)
[debug] [2021-11-27T17:19:09.186Z] ----------------------------------------------------------------------
[debug] 
[debug] [2021-11-27T17:19:09.260Z] > command requires scopes: ["email","openid","https://www.googleapis.com/auth/cloudplatformprojects.readonly","https://www.googleapis.com/auth/firebase","https://www.googleapis.com/auth/cloud-platform"]
[debug] [2021-11-27T17:19:09.261Z] > authorizing via signed-in user (mrm321321@gmail.com)
[info] i  emulators: Starting emulators: auth, firestore, pubsub {"metadata":{"emulator":{"name":"hub"},"message":"Starting emulators: auth, firestore, pubsub"}}
[info] i  emulators: Detected demo project ID "demo-distributed-systems-kul", emulated services will use a demo configuration and attempts to access non-emulated services for this project will fail. {"metadata":{"emulator":{"name":"hub"},"message":"Detected demo project ID \"demo-distributed-systems-kul\", emulated services will use a demo configuration and attempts to access non-emulated services for this project will fail."}}
[debug] [2021-11-27T17:19:11.378Z] [hub] writing locator at C:\Users\MAARTE~1\AppData\Local\Temp\hub-demo-distributed-systems-kul.json
[warn] !  firestore: Did not find a Cloud Firestore rules file specified in a firebase.json config file. {"metadata":{"emulator":{"name":"firestore"},"message":"Did not find a Cloud Firestore rules file specified in a firebase.json config file."}}
[warn] !  firestore: The emulator will default to allowing all reads and writes. Learn more about this option: https://firebase.google.com/docs/emulator-suite/install_and_configure#security_rules_configuration. {"metadata":{"emulator":{"name":"firestore"},"message":"The emulator will default to allowing all reads and writes. Learn more about this option: https://firebase.google.com/docs/emulator-suite/install_and_configure#security_rules_configuration."}}
[info] i  firestore: downloading cloud-firestore-emulator-v1.13.1.jar... {"metadata":{"emulator":{"name":"firestore"},"message":"downloading cloud-firestore-emulator-v1.13.1.jar..."}}
[debug] [2021-11-27T17:19:13.461Z] >>> [apiv2][query] GET https://storage.googleapis.com/firebase-preview-drop/emulator/cloud-firestore-emulator-v1.13.1.jar 
[debug] [2021-11-27T17:19:13.738Z] <<< [apiv2][status] GET https://storage.googleapis.com/firebase-preview-drop/emulator/cloud-firestore-emulator-v1.13.1.jar 200
[debug] [2021-11-27T17:19:13.738Z] <<< [apiv2][body] GET https://storage.googleapis.com/firebase-preview-drop/emulator/cloud-firestore-emulator-v1.13.1.jar [stream]
[debug] [2021-11-27T17:19:16.903Z] Ignoring unsupported arg: projectId {"metadata":{"emulator":{"name":"firestore"},"message":"Ignoring unsupported arg: projectId"}}
[debug] [2021-11-27T17:19:16.904Z] Ignoring unsupported arg: auto_download {"metadata":{"emulator":{"name":"firestore"},"message":"Ignoring unsupported arg: auto_download"}}
[debug] [2021-11-27T17:19:16.904Z] Starting Firestore Emulator with command {"binary":"java","args":["-Dgoogle.cloud_firestore.debug_log_level=FINE","-Duser.language=en","-jar","C:\\Users\\Maarten Van den hof\\.cache\\firebase\\emulators\\cloud-firestore-emulator-v1.13.1.jar","--host","localhost","--port",8084],"optionalArgs":["port","webchannel_port","host","rules","functions_emulator","seed_from_export"],"joinArgs":false} {"metadata":{"emulator":{"name":"firestore"},"message":"Starting Firestore Emulator with command {\"binary\":\"java\",\"args\":[\"-Dgoogle.cloud_firestore.debug_log_level=FINE\",\"-Duser.language=en\",\"-jar\",\"C:\\\\Users\\\\Maarten Van den hof\\\\.cache\\\\firebase\\\\emulators\\\\cloud-firestore-emulator-v1.13.1.jar\",\"--host\",\"localhost\",\"--port\",8084],\"optionalArgs\":[\"port\",\"webchannel_port\",\"host\",\"rules\",\"functions_emulator\",\"seed_from_export\"],\"joinArgs\":false}"}}
[info] i  firestore: Firestore Emulator logging to firestore-debug.log {"metadata":{"emulator":{"name":"firestore"},"message":"Firestore Emulator logging to \u001b[1mfirestore-debug.log\u001b[22m"}}
[debug] [2021-11-27T17:19:25.189Z] Nov 27, 2021 6:19:25 PM com.google.cloud.datastore.emulator.firestore.websocket.WebSocketServer start
INFO: Started WebSocket server on ws://localhost:58509
 {"metadata":{"emulator":{"name":"firestore"},"message":"Nov 27, 2021 6:19:25 PM com.google.cloud.datastore.emulator.firestore.websocket.WebSocketServer start\r\nINFO: Started WebSocket server on ws://localhost:58509\r\n"}}
[debug] [2021-11-27T17:19:25.234Z] API endpoint: http:// {"metadata":{"emulator":{"name":"firestore"},"message":"API endpoint: http://"}}
[debug] [2021-11-27T17:19:25.235Z] localhost:8084
If you are using a library that supports the FIRESTORE_EMULATOR_HOST environment variable, run:

   export FIRESTORE_EMULATOR_HOST=localhost:8084

Dev App Server is now running.

 {"metadata":{"emulator":{"name":"firestore"},"message":"localhost:8084\nIf you are using a library that supports the FIRESTORE_EMULATOR_HOST environment variable, run:\r\n\n   export FIRESTORE_EMULATOR_HOST=localhost:8084\n\nDev App Server is now running.\n\r\n"}}
[info] i  pubsub: downloading pubsub-emulator-0.1.0.zip... {"metadata":{"emulator":{"name":"pubsub"},"message":"downloading pubsub-emulator-0.1.0.zip..."}}
[debug] [2021-11-27T17:19:33.473Z] >>> [apiv2][query] GET https://storage.googleapis.com/firebase-preview-drop/emulator/pubsub-emulator-0.1.0.zip 
[debug] [2021-11-27T17:19:33.973Z] <<< [apiv2][status] GET https://storage.googleapis.com/firebase-preview-drop/emulator/pubsub-emulator-0.1.0.zip 200
[debug] [2021-11-27T17:19:33.974Z] <<< [apiv2][body] GET https://storage.googleapis.com/firebase-preview-drop/emulator/pubsub-emulator-0.1.0.zip [stream]
[debug] [2021-11-27T17:19:37.169Z] Ignoring unsupported arg: projectId {"metadata":{"emulator":{"name":"pubsub"},"message":"Ignoring unsupported arg: projectId"}}
[debug] [2021-11-27T17:19:37.172Z] Ignoring unsupported arg: auto_download {"metadata":{"emulator":{"name":"pubsub"},"message":"Ignoring unsupported arg: auto_download"}}
[debug] [2021-11-27T17:19:37.173Z] Starting Pub/Sub Emulator with command {"binary":"C:\\Users\\Maarten Van den hof\\.cache\\firebase\\emulators\\pubsub-emulator-0.1.0\\pubsub-emulator\\bin\\cloud-pubsub-emulator.bat","args":["--host=localhost","--port=8083"],"optionalArgs":["port","host"],"joinArgs":true} {"metadata":{"emulator":{"name":"pubsub"},"message":"Starting Pub/Sub Emulator with command {\"binary\":\"C:\\\\Users\\\\Maarten Van den hof\\\\.cache\\\\firebase\\\\emulators\\\\pubsub-emulator-0.1.0\\\\pubsub-emulator\\\\bin\\\\cloud-pubsub-emulator.bat\",\"args\":[\"--host=localhost\",\"--port=8083\"],\"optionalArgs\":[\"port\",\"host\"],\"joinArgs\":true}"}}
[info] i  pubsub: Pub/Sub Emulator logging to pubsub-debug.log {"metadata":{"emulator":{"name":"pubsub"},"message":"Pub/Sub Emulator logging to \u001b[1mpubsub-debug.log\u001b[22m"}}
[info] i  ui: downloading ui-v1.6.4.zip... {"metadata":{"emulator":{"name":"ui"},"message":"downloading ui-v1.6.4.zip..."}}
[debug] [2021-11-27T17:19:45.670Z] >>> [apiv2][query] GET https://storage.googleapis.com/firebase-preview-drop/emulator/ui-v1.6.4.zip 
[debug] [2021-11-27T17:19:45.752Z] <<< [apiv2][status] GET https://storage.googleapis.com/firebase-preview-drop/emulator/ui-v1.6.4.zip 200
[debug] [2021-11-27T17:19:45.752Z] <<< [apiv2][body] GET https://storage.googleapis.com/firebase-preview-drop/emulator/ui-v1.6.4.zip [stream]
[debug] [2021-11-27T17:19:46.463Z] Ignoring unsupported arg: auto_download {"metadata":{"emulator":{"name":"ui"},"message":"Ignoring unsupported arg: auto_download"}}
[debug] [2021-11-27T17:19:46.463Z] Ignoring unsupported arg: port {"metadata":{"emulator":{"name":"ui"},"message":"Ignoring unsupported arg: port"}}
[debug] [2021-11-27T17:19:46.463Z] Starting Emulator UI with command {"binary":"node","args":["C:\\Users\\Maarten Van den hof\\.cache\\firebase\\emulators\\ui-v1.6.4\\server.bundle.js"],"optionalArgs":[],"joinArgs":false} {"metadata":{"emulator":{"name":"ui"},"message":"Starting Emulator UI with command {\"binary\":\"node\",\"args\":[\"C:\\\\Users\\\\Maarten Van den hof\\\\.cache\\\\firebase\\\\emulators\\\\ui-v1.6.4\\\\server.bundle.js\"],\"optionalArgs\":[],\"joinArgs\":false}"}}
[info] i  ui: Emulator UI logging to ui-debug.log {"metadata":{"emulator":{"name":"ui"},"message":"Emulator UI logging to \u001b[1mui-debug.log\u001b[22m"}}
[debug] [2021-11-27T17:19:47.076Z] Web / API server started at localhost:8081
 {"metadata":{"emulator":{"name":"ui"},"message":"Web / API server started at localhost:8081\n"}}
[info] 
┌─────────────────────────────────────────────────────────────┐
│ ✔  All emulators ready! It is now safe to connect your app. │
│ i  View Emulator UI at http://localhost:8081                │
└─────────────────────────────────────────────────────────────┘

┌────────────────┬────────────────┬─────────────────────────────────┐
│ Emulator       │ Host:Port      │ View in Emulator UI             │
├────────────────┼────────────────┼─────────────────────────────────┤
│ Authentication │ localhost:8082 │ http://localhost:8081/auth      │
├────────────────┼────────────────┼─────────────────────────────────┤
│ Firestore      │ localhost:8084 │ http://localhost:8081/firestore │
├────────────────┼────────────────┼─────────────────────────────────┤
│ Pub/Sub        │ localhost:8083 │ n/a                             │
└────────────────┴────────────────┴─────────────────────────────────┘
  Emulator Hub running at localhost:4400
  Other reserved ports: 4500

Issues? Report them at https://github.com/firebase/firebase-tools/issues and attach the *-debug.log files.
 
